"pkg-config --exists libffi"
package configuration for libffi is not found
have_header: checking for ffi.h... -------------------- no

"gcc -std=gnu99 -o conftest -I/home/vagrant/.rbenv/versions/2.7.4/include/ruby-2.7.0/x86_64-linux -I/home/vagrant/.rbenv/versions/2.7.4/include/ruby-2.7.0/ruby/backward -I/home/vagrant/.rbenv/versions/2.7.4/include/ruby-2.7.0 -I. -I/home/vagrant/.rbenv/versions/2.7.4/include    -g -O2 -fPIC conftest.c  -L. -L/home/vagrant/.rbenv/versions/2.7.4/lib -Wl,-rpath,/home/vagrant/.rbenv/versions/2.7.4/lib -L. -L/home/vagrant/.rbenv/versions/2.7.4/lib  -fstack-protector-strong -rdynamic -Wl,-export-dynamic     -Wl,-rpath,/home/vagrant/.rbenv/versions/2.7.4/lib -L/home/vagrant/.rbenv/versions/2.7.4/lib -lruby  -lm   -lc"
checked program was:
/* begin */
1: #include "ruby.h"
2: 
3: int main(int argc, char **argv)
4: {
5:   return !!argv[argc];
6: }
/* end */

"gcc -E -I/home/vagrant/.rbenv/versions/2.7.4/include/ruby-2.7.0/x86_64-linux -I/home/vagrant/.rbenv/versions/2.7.4/include/ruby-2.7.0/ruby/backward -I/home/vagrant/.rbenv/versions/2.7.4/include/ruby-2.7.0 -I. -I/home/vagrant/.rbenv/versions/2.7.4/include    -g -O2 -fPIC  conftest.c -o conftest.i"
conftest.c:3:17: fatal error: ffi.h: No such file or directory
 #include <ffi.h>
                 ^
compilation terminated.
checked program was:
/* begin */
1: #include "ruby.h"
2: 
3: #include <ffi.h>
/* end */

--------------------

find_header: checking for ffi.h in /usr/local/include,/usr/include/ffi,/Library/Developer/CommandLineTools/SDKs/MacOSX.sdk/usr/include/ffi,/Applications/Xcode.app/Contents/Developer/Platforms/MacOSX.platform/Developer/SDKs/MacOSX.sdk/usr/include/ffi... -------------------- no

"gcc -E -I/home/vagrant/.rbenv/versions/2.7.4/include/ruby-2.7.0/x86_64-linux -I/home/vagrant/.rbenv/versions/2.7.4/include/ruby-2.7.0/ruby/backward -I/home/vagrant/.rbenv/versions/2.7.4/include/ruby-2.7.0 -I. -I/home/vagrant/.rbenv/versions/2.7.4/include    -g -O2 -fPIC  conftest.c -o conftest.i"
conftest.c:3:17: fatal error: ffi.h: No such file or directory
 #include <ffi.h>
                 ^
compilation terminated.
checked program was:
/* begin */
1: #include "ruby.h"
2: 
3: #include <ffi.h>
/* end */

"gcc -E -I/home/vagrant/.rbenv/versions/2.7.4/include/ruby-2.7.0/x86_64-linux -I/home/vagrant/.rbenv/versions/2.7.4/include/ruby-2.7.0/ruby/backward -I/home/vagrant/.rbenv/versions/2.7.4/include/ruby-2.7.0 -I. -I/home/vagrant/.rbenv/versions/2.7.4/include    -g -O2 -fPIC -I/usr/local/include conftest.c -o conftest.i"
conftest.c:3:17: fatal error: ffi.h: No such file or directory
 #include <ffi.h>
                 ^
compilation terminated.
checked program was:
/* begin */
1: #include "ruby.h"
2: 
3: #include <ffi.h>
/* end */

"gcc -E -I/home/vagrant/.rbenv/versions/2.7.4/include/ruby-2.7.0/x86_64-linux -I/home/vagrant/.rbenv/versions/2.7.4/include/ruby-2.7.0/ruby/backward -I/home/vagrant/.rbenv/versions/2.7.4/include/ruby-2.7.0 -I. -I/home/vagrant/.rbenv/versions/2.7.4/include    -g -O2 -fPIC -I/usr/include/ffi conftest.c -o conftest.i"
conftest.c:3:17: fatal error: ffi.h: No such file or directory
 #include <ffi.h>
                 ^
compilation terminated.
checked program was:
/* begin */
1: #include "ruby.h"
2: 
3: #include <ffi.h>
/* end */

"gcc -E -I/home/vagrant/.rbenv/versions/2.7.4/include/ruby-2.7.0/x86_64-linux -I/home/vagrant/.rbenv/versions/2.7.4/include/ruby-2.7.0/ruby/backward -I/home/vagrant/.rbenv/versions/2.7.4/include/ruby-2.7.0 -I. -I/home/vagrant/.rbenv/versions/2.7.4/include    -g -O2 -fPIC -I/Library/Developer/CommandLineTools/SDKs/MacOSX.sdk/usr/include/ffi conftest.c -o conftest.i"
conftest.c:3:17: fatal error: ffi.h: No such file or directory
 #include <ffi.h>
                 ^
compilation terminated.
checked program was:
/* begin */
1: #include "ruby.h"
2: 
3: #include <ffi.h>
/* end */

"gcc -E -I/home/vagrant/.rbenv/versions/2.7.4/include/ruby-2.7.0/x86_64-linux -I/home/vagrant/.rbenv/versions/2.7.4/include/ruby-2.7.0/ruby/backward -I/home/vagrant/.rbenv/versions/2.7.4/include/ruby-2.7.0 -I. -I/home/vagrant/.rbenv/versions/2.7.4/include    -g -O2 -fPIC -I/Applications/Xcode.app/Contents/Developer/Platforms/MacOSX.platform/Developer/SDKs/MacOSX.sdk/usr/include/ffi conftest.c -o conftest.i"
conftest.c:3:17: fatal error: ffi.h: No such file or directory
 #include <ffi.h>
                 ^
compilation terminated.
checked program was:
/* begin */
1: #include "ruby.h"
2: 
3: #include <ffi.h>
/* end */

--------------------

block in append_ldflags: checking for whether -Wl,--exclude-libs,ALL is accepted as LDFLAGS... -------------------- yes

"gcc -std=gnu99 -o conftest -I/home/vagrant/.rbenv/versions/2.7.4/include/ruby-2.7.0/x86_64-linux -I/home/vagrant/.rbenv/versions/2.7.4/include/ruby-2.7.0/ruby/backward -I/home/vagrant/.rbenv/versions/2.7.4/include/ruby-2.7.0 -I. -I/home/vagrant/.rbenv/versions/2.7.4/include    -g -O2 -fPIC conftest.c  -L. -L/home/vagrant/.rbenv/versions/2.7.4/lib -Wl,-rpath,/home/vagrant/.rbenv/versions/2.7.4/lib -L. -L/home/vagrant/.rbenv/versions/2.7.4/lib  -fstack-protector-strong -rdynamic -Wl,-export-dynamic     -Wl,-rpath,/home/vagrant/.rbenv/versions/2.7.4/lib -L/home/vagrant/.rbenv/versions/2.7.4/lib -lruby -Wl,--exclude-libs,ALL -lm   -lc"
checked program was:
/* begin */
1: #include "ruby.h"
2: 
3: int main(int argc, char **argv)
4: {
5:   return !!argv[argc];
6: }
/* end */

--------------------

block in append_ldflags: checking for whether -pthread is accepted as LDFLAGS... -------------------- yes

"gcc -std=gnu99 -o conftest -I/home/vagrant/.rbenv/versions/2.7.4/include/ruby-2.7.0/x86_64-linux -I/home/vagrant/.rbenv/versions/2.7.4/include/ruby-2.7.0/ruby/backward -I/home/vagrant/.rbenv/versions/2.7.4/include/ruby-2.7.0 -I. -I/home/vagrant/.rbenv/versions/2.7.4/include    -g -O2 -fPIC conftest.c  -L. -L/home/vagrant/.rbenv/versions/2.7.4/lib -Wl,-rpath,/home/vagrant/.rbenv/versions/2.7.4/lib -L. -L/home/vagrant/.rbenv/versions/2.7.4/lib  -fstack-protector-strong -rdynamic -Wl,-export-dynamic -Wl,--exclude-libs,ALL     -Wl,-rpath,/home/vagrant/.rbenv/versions/2.7.4/lib -L/home/vagrant/.rbenv/versions/2.7.4/lib -lruby -pthread -lm   -lc"
checked program was:
/* begin */
1: #include "ruby.h"
2: 
3: int main(int argc, char **argv)
4: {
5:   return !!argv[argc];
6: }
/* end */

--------------------

extconf.h is:
/* begin */
1: #ifndef EXTCONF_H
2: #define EXTCONF_H
3: #define HAVE_FFI_PREP_CIF_VAR 1
4: #define USE_INTERNAL_LIBFFI 1
5: #endif
/* end */

